00:28:50: Creating resource group General
00:28:50: Creating resource group Internal
00:28:50: Creating resource group Autodetect
00:28:50: SceneManagerFactory for type 'DefaultSceneManager' registered.
00:28:50: Registering ResourceManager for type Material
00:28:50: Registering ResourceManager for type Mesh
00:28:50: Registering ResourceManager for type Skeleton
00:28:50: MovableObjectFactory for type 'ParticleSystem' registered.
00:28:50: OverlayElementFactory for type Panel registered.
00:28:50: OverlayElementFactory for type BorderPanel registered.
00:28:50: OverlayElementFactory for type TextArea registered.
00:28:50: Registering ResourceManager for type Font
00:28:50: ArchiveFactory for archive type FileSystem registered.
00:28:50: ArchiveFactory for archive type Zip registered.
00:28:50: FreeImage version: 3.10.0
00:28:50: This program uses FreeImage, a free, open source image library supporting all common bitmap formats. See http://freeimage.sourceforge.net for details
00:28:50: Supported formats: bmp,ico,jpg,jif,jpeg,jpe,jng,koa,iff,lbm,mng,pbm,pbm,pcd,pcx,pgm,pgm,png,ppm,ppm,ras,tga,targa,tif,tiff,wap,wbmp,wbm,psd,cut,xbm,xpm,gif,hdr,g3,sgi,exr,j2k,j2c,jp2
00:28:50: DDS codec registering
00:28:50: Registering ResourceManager for type HighLevelGpuProgram
00:28:50: Registering ResourceManager for type Compositor
00:28:50: MovableObjectFactory for type 'Entity' registered.
00:28:50: MovableObjectFactory for type 'Light' registered.
00:28:50: MovableObjectFactory for type 'BillboardSet' registered.
00:28:50: MovableObjectFactory for type 'ManualObject' registered.
00:28:50: MovableObjectFactory for type 'BillboardChain' registered.
00:28:50: MovableObjectFactory for type 'RibbonTrail' registered.
00:28:50: Loading library D:\MogreSDK\bin\Release\RenderSystem_Direct3D9
00:28:50: Installing plugin: D3D9 RenderSystem
00:28:50: D3D9 : Direct3D9 Rendering Subsystem created.
00:28:50: D3D9: Driver Detection Starts
00:28:50: D3D9: Driver Detection Ends
00:28:50: Plugin successfully installed
00:28:50: Loading library D:\MogreSDK\bin\Release\RenderSystem_GL
00:28:50: Installing plugin: GL RenderSystem
00:28:50: OpenGL Rendering Subsystem created.
00:28:51: Plugin successfully installed
00:28:51: Loading library D:\MogreSDK\bin\Release\Plugin_ParticleFX
00:28:51: Installing plugin: ParticleFX
00:28:51: Particle Emitter Type 'Point' registered
00:28:51: Particle Emitter Type 'Box' registered
00:28:51: Particle Emitter Type 'Ellipsoid' registered
00:28:51: Particle Emitter Type 'Cylinder' registered
00:28:51: Particle Emitter Type 'Ring' registered
00:28:51: Particle Emitter Type 'HollowEllipsoid' registered
00:28:51: Particle Affector Type 'LinearForce' registered
00:28:51: Particle Affector Type 'ColourFader' registered
00:28:51: Particle Affector Type 'ColourFader2' registered
00:28:51: Particle Affector Type 'ColourImage' registered
00:28:51: Particle Affector Type 'ColourInterpolator' registered
00:28:51: Particle Affector Type 'Scaler' registered
00:28:51: Particle Affector Type 'Rotator' registered
00:28:51: Particle Affector Type 'DirectionRandomiser' registered
00:28:51: Particle Affector Type 'DeflectorPlane' registered
00:28:51: Plugin successfully installed
00:28:51: Loading library D:\MogreSDK\bin\Release\Plugin_BSPSceneManager
00:28:51: Installing plugin: BSP Scene Manager
00:28:51: Plugin successfully installed
00:28:51: Loading library D:\MogreSDK\bin\Release\Plugin_OctreeSceneManager
00:28:51: Installing plugin: Octree & Terrain Scene Manager
00:28:51: Plugin successfully installed
00:28:51: Loading library D:\MogreSDK\bin\Release\Plugin_CgProgramManager
00:28:51: Installing plugin: Cg Program Manager
00:28:51: Plugin successfully installed
00:28:51: *-*-* OGRE Initialising
00:28:51: *-*-* Version 1.4.8 (Eihort)
00:28:51: Creating resource group Bootstrap
00:28:51: Added resource location 'D:/MogreSDK/Media/packs/OgreCore.zip' of type 'Zip' to resource group 'Bootstrap'
00:28:51: Added resource location 'D:/MogreSDK/Media' of type 'FileSystem' to resource group 'General'
00:28:51: Added resource location 'D:/MogreSDK/Media/fonts' of type 'FileSystem' to resource group 'General'
00:28:51: Added resource location 'D:/MogreSDK/Media/materials/programs' of type 'FileSystem' to resource group 'General'
00:28:51: Added resource location 'D:/MogreSDK/Media/materials/scripts' of type 'FileSystem' to resource group 'General'
00:28:51: Added resource location 'D:/MogreSDK/Media/materials/textures' of type 'FileSystem' to resource group 'General'
00:28:51: Added resource location 'D:/MogreSDK/Media/models' of type 'FileSystem' to resource group 'General'
00:28:51: Added resource location 'D:/MogreSDK/Media/overlays' of type 'FileSystem' to resource group 'General'
00:28:51: Added resource location 'D:/MogreSDK/Media/particle' of type 'FileSystem' to resource group 'General'
00:28:51: Added resource location 'D:/MogreSDK/Media/gui' of type 'FileSystem' to resource group 'General'
00:28:51: Added resource location 'D:/MogreSDK/Media/DeferredShadingMedia' of type 'FileSystem' to resource group 'General'
00:28:51: Added resource location 'D:/MogreSDK/Media/packs/cubemap.zip' of type 'Zip' to resource group 'General'
00:28:51: Added resource location 'D:/MogreSDK/Media/packs/cubemapsJS.zip' of type 'Zip' to resource group 'General'
00:28:51: Added resource location 'D:/MogreSDK/Media/packs/dragon.zip' of type 'Zip' to resource group 'General'
00:28:51: Added resource location 'D:/MogreSDK/Media/packs/fresneldemo.zip' of type 'Zip' to resource group 'General'
00:28:51: Added resource location 'D:/MogreSDK/Media/packs/ogretestmap.zip' of type 'Zip' to resource group 'General'
00:28:51: Added resource location 'D:/MogreSDK/Media/packs/skybox.zip' of type 'Zip' to resource group 'General'
00:28:51: D3D9 : RenderSystem Option: Full Screen = No
00:28:51: D3D9 : RenderSystem Option: Video Mode = 800 x 600 @ 32-bit colour
00:28:51: CPU Identifier & Features
00:28:51: -------------------------
00:28:51:  *   CPU ID: GenuineIntel: Intel(R) Core(TM)2 Quad CPU    Q6600  @ 2.40GHz
00:28:51:  *      SSE: yes
00:28:51:  *     SSE2: yes
00:28:51:  *     SSE3: yes
00:28:51:  *      MMX: yes
00:28:51:  *   MMXEXT: yes
00:28:51:  *    3DNOW: no
00:28:51:  * 3DNOWEXT: no
00:28:51:  *     CMOV: yes
00:28:51:  *      TSC: yes
00:28:51:  *      FPU: yes
00:28:51:  *      PRO: yes
00:28:51:  *       HT: no
00:28:51: -------------------------
00:28:51: D3D9 : Subsystem Initialising
00:28:51: ***************************************
00:28:51: *** D3D9 : Subsystem Initialised OK ***
00:28:51: ***************************************
00:28:51: D3D9RenderSystem::createRenderWindow "Autumn main RenderWindow", 800x600 windowed  miscParams: externalWindowHandle=264910 
00:28:51: D3D9 : Created D3D9 Rendering Window 'Autumn main RenderWindow' : 792x573, 32bpp
00:28:51: D3D9 : WARNING - disabling VSync in windowed mode can cause timing issues at lower frame rates, turn VSync on if you observe this problem.
00:28:51: Registering ResourceManager for type Texture
00:28:51: Registering ResourceManager for type GpuProgram
00:28:51: Multiple render targets with independent bit depths supported
00:28:51: D3D9: Vertex texture format supported - PF_FLOAT16_RGB
00:28:51: D3D9: Vertex texture format supported - PF_FLOAT16_RGBA
00:28:51: D3D9: Vertex texture format supported - PF_FLOAT32_RGB
00:28:51: D3D9: Vertex texture format supported - PF_FLOAT32_RGBA
00:28:51: D3D9: Vertex texture format supported - PF_FLOAT16_R
00:28:51: D3D9: Vertex texture format supported - PF_FLOAT32_R
00:28:51: D3D9: Vertex texture format supported - PF_FLOAT16_GR
00:28:51: D3D9: Vertex texture format supported - PF_FLOAT32_GR
00:28:51: RenderSystem capabilities
00:28:51: -------------------------
00:28:51:  * Hardware generation of mipmaps: yes
00:28:51:  * Texture blending: yes
00:28:51:  * Anisotropic texture filtering: yes
00:28:51:  * Dot product texture operation: yes
00:28:51:  * Cube mapping: yes
00:28:51:  * Hardware stencil buffer: yes
00:28:51:    - Stencil depth: 8
00:28:51:    - Two sided stencil support: yes
00:28:51:    - Wrap stencil values: yes
00:28:51:  * Hardware vertex / index buffers: yes
00:28:51:  * Vertex programs: yes
00:28:51:    - Max vertex program version: vs_3_0
00:28:51:  * Fragment programs: yes
00:28:51:    - Max fragment program version: ps_3_0
00:28:51:  * Texture Compression: yes
00:28:51:    - DXT: yes
00:28:51:    - VTC: no
00:28:51:  * Scissor Rectangle: yes
00:28:51:  * Hardware Occlusion Query: yes
00:28:51:  * User clip planes: yes
00:28:51:  * VET_UBYTE4 vertex element type: yes
00:28:51:  * Infinite far plane projection: yes
00:28:51:  * Hardware render-to-texture: yes
00:28:51:  * Floating point textures: yes
00:28:51:  * Non-power-of-two textures: yes
00:28:51:  * Volume textures: yes
00:28:51:  * Multiple Render Targets: 4
00:28:51:  * Point Sprites: yes
00:28:51:  * Extended point parameters: yes
00:28:51:  * Max Point Size: 8192
00:28:51:  * Vertex texture fetch: yes
00:28:51:    - Max vertex textures: 4
00:28:51:    - Vertex textures shared: no
00:28:51: ResourceBackgroundQueue - threading disabled
00:28:51: Particle Renderer Type 'billboard' registered
00:28:51: SceneManagerFactory for type 'BspSceneManager' registered.
00:28:51: Registering ResourceManager for type BspLevel
00:28:51: SceneManagerFactory for type 'OctreeSceneManager' registered.
00:28:51: SceneManagerFactory for type 'TerrainSceneManager' registered.
00:28:51: Parsing scripts for resource group Autodetect
00:28:51: Finished parsing scripts for resource group Autodetect
00:28:51: Parsing scripts for resource group Bootstrap
00:28:51: Parsing script OgreCore.material
00:28:51: Parsing script OgreProfiler.material
00:28:51: Parsing script Ogre.fontdef
00:28:51: Parsing script OgreDebugPanel.overlay
00:28:51: Texture: New_Ogre_Border_Center.png: Loading 1 faces(PF_A8R8G8B8,256x128x1) with  hardware generated mipmaps from Image. Internal format is PF_A8R8G8B8,256x128x1.
00:28:51: Texture: New_Ogre_Border.png: Loading 1 faces(PF_A8R8G8B8,256x256x1) with  hardware generated mipmaps from Image. Internal format is PF_A8R8G8B8,256x256x1.
00:28:51: Texture: New_Ogre_Border_Break.png: Loading 1 faces(PF_A8R8G8B8,32x32x1) with  hardware generated mipmaps from Image. Internal format is PF_A8R8G8B8,32x32x1.
00:28:51: Font BlueHighwayusing texture size 512x512
00:28:51: Info: Freetype returned null for character 127 in font BlueHighway
00:28:51: Info: Freetype returned null for character 128 in font BlueHighway
00:28:51: Info: Freetype returned null for character 129 in font BlueHighway
00:28:51: Info: Freetype returned null for character 130 in font BlueHighway
00:28:51: Info: Freetype returned null for character 131 in font BlueHighway
00:28:51: Info: Freetype returned null for character 132 in font BlueHighway
00:28:51: Info: Freetype returned null for character 133 in font BlueHighway
00:28:51: Info: Freetype returned null for character 134 in font BlueHighway
00:28:51: Info: Freetype returned null for character 135 in font BlueHighway
00:28:51: Info: Freetype returned null for character 136 in font BlueHighway
00:28:51: Info: Freetype returned null for character 137 in font BlueHighway
00:28:51: Info: Freetype returned null for character 138 in font BlueHighway
00:28:51: Info: Freetype returned null for character 139 in font BlueHighway
00:28:51: Info: Freetype returned null for character 140 in font BlueHighway
00:28:51: Info: Freetype returned null for character 141 in font BlueHighway
00:28:51: Info: Freetype returned null for character 142 in font BlueHighway
00:28:51: Info: Freetype returned null for character 143 in font BlueHighway
00:28:51: Info: Freetype returned null for character 144 in font BlueHighway
00:28:51: Info: Freetype returned null for character 145 in font BlueHighway
00:28:51: Info: Freetype returned null for character 146 in font BlueHighway
00:28:51: Info: Freetype returned null for character 147 in font BlueHighway
00:28:51: Info: Freetype returned null for character 148 in font BlueHighway
00:28:51: Info: Freetype returned null for character 149 in font BlueHighway
00:28:51: Info: Freetype returned null for character 150 in font BlueHighway
00:28:51: Info: Freetype returned null for character 151 in font BlueHighway
00:28:51: Info: Freetype returned null for character 152 in font BlueHighway
00:28:51: Info: Freetype returned null for character 153 in font BlueHighway
00:28:51: Info: Freetype returned null for character 154 in font BlueHighway
00:28:51: Info: Freetype returned null for character 155 in font BlueHighway
00:28:51: Info: Freetype returned null for character 156 in font BlueHighway
00:28:51: Info: Freetype returned null for character 157 in font BlueHighway
00:28:51: Info: Freetype returned null for character 158 in font BlueHighway
00:28:51: Info: Freetype returned null for character 159 in font BlueHighway
00:28:51: Info: Freetype returned null for character 160 in font BlueHighway
00:28:51: Texture: BlueHighwayTexture: Loading 1 faces(PF_BYTE_LA,512x512x1) with 0 generated mipmaps from Image. Internal format is PF_BYTE_LA,512x512x1.
00:28:51: Texture: ogretext.png: Loading 1 faces(PF_A8R8G8B8,256x128x1) with  hardware generated mipmaps from Image. Internal format is PF_A8R8G8B8,256x128x1.
00:28:51: Parsing script OgreLoadingPanel.overlay
00:28:51: Finished parsing scripts for resource group Bootstrap
00:28:51: Parsing scripts for resource group General
00:28:51: Parsing script Examples.program
00:28:51: Parsing script StdQuad_vp.program
00:28:51: Parsing script deferred.glsl.program
00:28:51: Parsing script deferred.hlsl.program
00:28:51: Parsing script deferred_post_debug.glsl.program
00:28:51: Parsing script deferred_post_debug.hlsl.program
00:28:51: Parsing script deferred_post_minilight.glsl.program
00:28:51: Parsing script deferred_post_minilight.hlsl.program
00:28:51: OGRE EXCEPTION(2:InvalidParametersException): Parameter called lightSpecularColor does not exist.  in GpuProgramParameters::_findNamedConstantDefinition at ..\src\OgreGpuProgram.cpp (line 883)
00:28:51: Error at line 29 of deferred_post_minilight.hlsl.program: Invalid param_named_auto attribute - Parameter called lightSpecularColor does not exist. 
00:28:51: Parsing script deferred_post_multipass.glsl.program
00:28:51: Parsing script deferred_post_multipass.hlsl.program
00:28:51: Parsing script deferred_post_onepass.glsl.program
00:28:51: Parsing script deferred_post_onepass.hlsl.program
00:28:51: Parsing script BlackAndWhite.material
00:28:51: Parsing script Bloom.material
00:28:51: Parsing script DepthShadowmap.material
00:28:51: Parsing script DOF.material
00:28:51: Parsing script Embossed.material
00:28:51: Parsing script Example-DynTex.material
00:28:51: Parsing script Example-Water.material
00:28:51: Parsing script Example.material
00:28:51: Parsing script Examples-Advanced.material
00:28:51: Parsing script facial.material
00:28:51: Parsing script Glass.material
00:28:51: Parsing script hdr.material
00:28:51: Parsing script HeatVision.material
00:28:51: Parsing script Hurt.material
00:28:51: Parsing script instancing.material
00:28:52: Parsing script Invert.material
00:28:52: Parsing script Laplace.material
00:28:52: Parsing script MotionBlur.material
00:28:52: Parsing script Ocean.material
00:28:52: Parsing script OffsetMapping.material
00:28:52: Parsing script Ogre.material
00:28:52: Parsing script OgreNewt_Example.material
00:28:52: Parsing script OldMovie.material
00:28:52: Parsing script OldTV.material
00:28:52: Parsing script Posterize.material
00:28:52: Parsing script RZR-002.material
00:28:52: Parsing script SharpenEdges.material
00:28:52: Parsing script smoke.material
00:28:52: Parsing script Tiling.material
00:28:52: Parsing script VarianceShadowmap.material
00:28:52: Parsing script deferred.material
00:28:52: Parsing script deferreddemo.material
00:28:52: Parsing script deferred_post_debug.material
00:28:52: Parsing script deferred_post_minilight.material
00:28:52: Parsing script deferred_post_multipass.material
00:28:52: Parsing script deferred_post_onepass.material
00:28:52: Parsing script RomanBath.material
00:28:52: Parsing script Examples.compositor
00:28:52: Parsing script sample.fontdef
00:28:52: Parsing script emitted_emitter.particle
00:28:52: Parsing script Example-Water.particle
00:28:52: Parsing script Example.particle
00:28:52: Parsing script smoke.particle
00:28:52: Parsing script Compositor.overlay
00:28:52: Parsing script DP3.overlay
00:28:52: Parsing script Example-CubeMapping.overlay
00:28:52: Parsing script Example-DynTex.overlay
00:28:52: Parsing script Example-Water.overlay
00:28:52: Parsing script Shadows.overlay
00:28:52: Finished parsing scripts for resource group General
00:28:52: Parsing scripts for resource group Internal
00:28:52: Finished parsing scripts for resource group Internal
00:28:52: Creating viewport on target 'Autumn main RenderWindow', rendering from camera 'MainCamera', relative dimensions L: 0.00 T: 0.00 W: 1.00 H: 1.00 ZOrder: 0
00:28:55: Unregistering ResourceManager for type BspLevel
00:28:56: *-*-* OGRE Shutdown
00:28:56: Unregistering ResourceManager for type Compositor
00:28:56: Unregistering ResourceManager for type Font
00:28:56: Unregistering ResourceManager for type Skeleton
00:28:56: Unregistering ResourceManager for type Mesh
00:28:56: Unregistering ResourceManager for type HighLevelGpuProgram
00:28:56: Uninstalling plugin: Cg Program Manager
00:28:56: Plugin successfully uninstalled
00:28:56: Unloading library D:\MogreSDK\bin\Release\Plugin_CgProgramManager
00:28:56: Uninstalling plugin: Octree & Terrain Scene Manager
00:28:56: Plugin successfully uninstalled
00:28:56: Unloading library D:\MogreSDK\bin\Release\Plugin_OctreeSceneManager
00:28:56: Uninstalling plugin: BSP Scene Manager
00:28:56: Plugin successfully uninstalled
00:28:56: Unloading library D:\MogreSDK\bin\Release\Plugin_BSPSceneManager
00:28:56: Uninstalling plugin: ParticleFX
00:28:56: Plugin successfully uninstalled
00:28:56: Unloading library D:\MogreSDK\bin\Release\Plugin_ParticleFX
00:28:56: Uninstalling plugin: GL RenderSystem
00:28:56: *** Stopping Win32GL Subsystem ***
00:28:56: Plugin successfully uninstalled
00:28:56: Unloading library D:\MogreSDK\bin\Release\RenderSystem_GL
00:28:56: Uninstalling plugin: D3D9 RenderSystem
00:28:56: Render Target 'Autumn main RenderWindow' Average FPS: 5580 Best FPS: 8325.67 Worst FPS: 422.577
00:28:56: D3D9 : Shutting down cleanly.
00:28:56: Unregistering ResourceManager for type Texture
00:28:56: Unregistering ResourceManager for type GpuProgram
00:28:56: D3D9 : Direct3D9 Rendering Subsystem destroyed.
00:28:56: Plugin successfully uninstalled
00:28:56: Unloading library D:\MogreSDK\bin\Release\RenderSystem_Direct3D9
00:28:56: Unregistering ResourceManager for type Material
